<?xml version="1.0" encoding="UTF-8" ?>
<testsuite errors="0" failures="0" hostname="elgadimo" name="fr.isima.webdev.BadgeSpec" tests="1" time="0.119" timestamp="2015-02-08T17:40:33">
  <properties />
  <testcase classname="fr.isima.webdev.BadgeSpec" name="test  badges" time="0.107" />
  <system-out><![CDATA[--Output from test  badges--
]]></system-out>
  <system-err><![CDATA[--Output from test  badges--
]]></system-err>
</testsuite>
