<?xml version="1.0" encoding="UTF-8" ?>
<testsuite errors="0" failures="0" hostname="elgadimo" name="fr.isima.webdev.TopicSpec" tests="4" time="0.409" timestamp="2015-02-08T17:40:33">
  <properties />
  <testcase classname="fr.isima.webdev.TopicSpec" name="test topic creation" time="0.197" />
  <testcase classname="fr.isima.webdev.TopicSpec" name="Delete topic test" time="0.061" />
  <testcase classname="fr.isima.webdev.TopicSpec" name="Update topic test" time="0.069" />
  <testcase classname="fr.isima.webdev.TopicSpec" name="Test data validity" time="0.062" />
  <system-out><![CDATA[--Output from test topic creation--
--Output from Delete topic test--
--Output from Update topic test--
--Output from Test data validity--
]]></system-out>
  <system-err><![CDATA[--Output from test topic creation--
--Output from Delete topic test--
--Output from Update topic test--
--Output from Test data validity--
]]></system-err>
</testsuite>
