<?xml version="1.0" encoding="UTF-8" ?>
<testsuite errors="0" failures="0" hostname="elgadimo" name="fr.isima.webdev.ResponseSpec" tests="3" time="0.366" timestamp="2015-02-08T17:40:34">
  <properties />
  <testcase classname="fr.isima.webdev.ResponseSpec" name="test creation" time="0.173" />
  <testcase classname="fr.isima.webdev.ResponseSpec" name="test Update Response" time="0.075" />
  <testcase classname="fr.isima.webdev.ResponseSpec" name="Delete test" time="0.092" />
  <system-out><![CDATA[--Output from test creation--
--Output from test Update Response--
--Output from Delete test--
]]></system-out>
  <system-err><![CDATA[--Output from test creation--
--Output from test Update Response--
--Output from Delete test--
]]></system-err>
</testsuite>
