<?xml version="1.0" encoding="UTF-8" ?>
<testsuite errors="0" failures="0" hostname="elgadimo" name="fr.isima.webdev.MessageSpec" tests="1" time="0.271" timestamp="2015-02-08T17:40:33">
  <properties />
  <testcase classname="fr.isima.webdev.MessageSpec" name="test heritage" time="0.24" />
  <system-out><![CDATA[--Output from test heritage--
]]></system-out>
  <system-err><![CDATA[--Output from test heritage--
]]></system-err>
</testsuite>
